[15:27:56] [ServerMain/INFO]: [bootstrap] Running Java 21 (Java HotSpot(TM) 64-Bit Server VM 21.0.1+12-LTS-29; Oracle Corporation null) on Windows 10 10.0 (amd64)
[15:27:56] [ServerMain/INFO]: [bootstrap] Loading Paper 1.21.1-96-master@4514c71 (2024-09-22T21:50:05Z) for Minecraft 1.21.1
[15:27:57] [ServerMain/WARN]: [oshi.driver.windows.perfmon.PerfmonDisabled] Invalid registry value type detected for PerfOS counters. Should be REG_DWORD. Ignoring: HKEY_LOCAL_MACHINE\SYSTEM\CurrentControlSet\Services\PerfOS\Performance\Disable Performance Counters.
[15:27:59] [ServerMain/INFO]: [PluginInitializerManager] Initializing plugins...
[15:28:00] [ServerMain/INFO]: [PluginInitializerManager] Initialized 0 plugins
[15:28:19] [ServerMain/INFO]: Environment: Environment[sessionHost=https://sessionserver.mojang.com, servicesHost=https://api.minecraftservices.com, name=PROD]
[15:28:41] [ServerMain/INFO]: Loaded 1290 recipes
[15:28:42] [ServerMain/INFO]: Loaded 1399 advancements
[15:28:54] [Server thread/INFO]: Starting minecraft server version 1.21.1
[15:28:54] [Server thread/INFO]: Loading properties
[15:28:54] [AWT-EventQueue-0/WARN]: Exception in thread "AWT-EventQueue-0" java.lang.NullPointerException: Cannot invoke "org.bukkit.Server.getTPS()" because "org.bukkit.Bukkit.server" is null
[15:28:54] [AWT-EventQueue-0/WARN]: 	at org.bukkit.Bukkit.getTPS(Bukkit.java:2385)
[15:28:54] [AWT-EventQueue-0/WARN]: 	at com.destroystokyo.paper.gui.RAMDetails.update(RAMDetails.java:62)
[15:28:54] [AWT-EventQueue-0/WARN]: 	at com.destroystokyo.paper.gui.GuiStatsComponent.lambda$new$0(GuiStatsComponent.java:27)
[15:28:54] [AWT-EventQueue-0/WARN]: 	at java.desktop/javax.swing.Timer.fireActionPerformed(Timer.java:311)
[15:28:54] [AWT-EventQueue-0/WARN]: 	at java.desktop/javax.swing.Timer$DoPostEvent.run(Timer.java:243)
[15:28:54] [AWT-EventQueue-0/WARN]: 	at java.desktop/java.awt.event.InvocationEvent.dispatch(InvocationEvent.java:318)
[15:28:54] [AWT-EventQueue-0/WARN]: 	at java.desktop/java.awt.EventQueue.dispatchEventImpl(EventQueue.java:773)
[15:28:54] [AWT-EventQueue-0/WARN]: 	at java.desktop/java.awt.EventQueue$4.run(EventQueue.java:720)
[15:28:54] [AWT-EventQueue-0/WARN]: 	at java.desktop/java.awt.EventQueue$4.run(EventQueue.java:714)
[15:28:54] [AWT-EventQueue-0/WARN]: 	at java.base/java.security.AccessController.doPrivileged(AccessController.java:400)
[15:28:54] [AWT-EventQueue-0/WARN]: 	at java.base/java.security.ProtectionDomain$JavaSecurityAccessImpl.doIntersectionPrivilege(ProtectionDomain.java:87)
[15:28:54] [AWT-EventQueue-0/WARN]: 	at java.desktop/java.awt.EventQueue.dispatchEvent(EventQueue.java:742)
[15:28:54] [AWT-EventQueue-0/WARN]: 	at java.desktop/java.awt.EventDispatchThread.pumpOneEventForFilters(EventDispatchThread.java:203)
[15:28:54] [AWT-EventQueue-0/WARN]: 	at java.desktop/java.awt.EventDispatchThread.pumpEventsForFilter(EventDispatchThread.java:124)
[15:28:54] [AWT-EventQueue-0/WARN]: 	at java.desktop/java.awt.EventDispatchThread.pumpEventsForHierarchy(EventDispatchThread.java:113)
[15:28:54] [AWT-EventQueue-0/WARN]: 	at java.desktop/java.awt.EventDispatchThread.pumpEvents(EventDispatchThread.java:109)
[15:28:54] [AWT-EventQueue-0/WARN]: 	at java.desktop/java.awt.EventDispatchThread.pumpEvents(EventDispatchThread.java:101)
[15:28:54] [AWT-EventQueue-0/WARN]: 	at java.desktop/java.awt.EventDispatchThread.run(EventDispatchThread.java:90)
[15:28:54] [Server thread/INFO]: This server is running Paper version 1.21.1-96-master@4514c71 (2024-09-22T21:50:05Z) (Implementing API version 1.21.1-R0.1-SNAPSHOT)
[15:28:56] [Server thread/INFO]: [spark] This server bundles the spark profiler. For more information please visit https://docs.papermc.io/paper/profiling
[15:28:56] [Server thread/INFO]: Using 4 threads for Netty based IO
[15:28:56] [Server thread/INFO]: Server Ping Player Sample Count: 12
[15:28:57] [Server thread/INFO]: [ChunkTaskScheduler] Chunk system is using 1 I/O threads, 2 worker threads, and population gen parallelism of 2 threads
[15:28:58] [Server thread/INFO]: Default game type: SURVIVAL
[15:28:58] [Server thread/INFO]: Generating keypair
[15:28:58] [Server thread/INFO]: Starting Minecraft server on *:25571
[15:28:59] [Server thread/INFO]: Using default channel type
[15:28:59] [Server thread/INFO]: Paper: Using Java compression from Velocity.
[15:28:59] [Server thread/INFO]: Paper: Using Java cipher from Velocity.
[15:28:59] [Server thread/INFO]: Server permissions file permissions.yml is empty, ignoring it
[15:28:59] [Server thread/WARN]: **** SERVER IS RUNNING IN OFFLINE/INSECURE MODE!
[15:28:59] [Server thread/WARN]: The server will make no attempt to authenticate usernames. Beware.
[15:28:59] [Server thread/WARN]: Whilst this makes it possible to use BungeeCord, unless access to your server is properly restricted, it also opens up the ability for hackers to connect with any username they choose.
[15:28:59] [Server thread/WARN]: Please see http://www.spigotmc.org/wiki/firewall-guide/ for further information.
[15:28:59] [Server thread/WARN]: To change this, set "online-mode" to "true" in the server.properties file.
[15:28:59] [Server thread/INFO]: Preparing level "world"
[15:29:00] [Server thread/INFO]: Preparing start region for dimension minecraft:overworld
[15:29:08] [Server thread/INFO]: Time elapsed: 7508 ms
[15:29:08] [Server thread/INFO]: Preparing start region for dimension minecraft:the_nether
[15:29:09] [Server thread/INFO]: Time elapsed: 851 ms
[15:29:09] [Server thread/INFO]: Preparing start region for dimension minecraft:the_end
[15:29:10] [Server thread/INFO]: Time elapsed: 1205 ms
[15:29:10] [Server thread/INFO]: [spark] Starting background profiler...
[15:29:10] [Server thread/INFO]: [spark] The async-profiler engine is not supported for your os/arch (windows10/amd64), so the built-in Java engine will be used instead.
[15:29:10] [Server thread/INFO]: Done preparing level "world" (11.276s)
[15:29:10] [Server thread/INFO]: Running delayed init tasks
[15:29:10] [Server thread/INFO]: Done (79.629s)! For help, type "help"
[15:29:10] [Server thread/INFO]: Timings Reset
[15:29:24] [Server thread/WARN]: Can't keep up! Is the server overloaded? Running 2770ms or 55 ticks behind
[15:29:54] [User Authenticator #0/INFO]: UUID of player akikukeo is dc516a0c-3ebf-4f0c-ae6c-426f61b4dadf
[15:29:56] [Server thread/INFO]: akikukeo joined the game
[15:29:57] [Server thread/INFO]: akikukeo[/127.0.0.1:57152] logged in with entity id 50 at ([world]184.13962051709964, 72.0, -13.38803436440818)
[15:30:40] [Server thread/INFO]: akikukeo lost connection: Disconnected
[15:30:41] [Server thread/INFO]: akikukeo left the game
[15:31:30] [User Authenticator #1/INFO]: UUID of player akikukeo is dc516a0c-3ebf-4f0c-ae6c-426f61b4dadf
[15:31:31] [Server thread/INFO]: akikukeo joined the game
[15:31:31] [Server thread/INFO]: akikukeo[/127.0.0.1:57286] logged in with entity id 152 at ([world]185.1494235626728, 76.74317126936853, -17.0000195022869)
[15:31:41] [Server thread/INFO]: akikukeo issued server command: /stop
[15:31:41] [Server thread/INFO]: [akikukeo: Stopping the server]
[15:31:41] [Server thread/INFO]: Stopping server
[15:31:41] [Server thread/INFO]: Saving players
[15:31:41] [Server thread/INFO]: akikukeo lost connection: Server closed
[15:31:41] [Server thread/INFO]: akikukeo left the game
[15:31:41] [Server thread/INFO]: Saving worlds
[15:31:41] [Server thread/INFO]: Saving chunks for level 'ServerLevel[world]'/minecraft:overworld
[15:31:41] [Server thread/INFO]: [ChunkHolderManager] Waiting 60s for chunk system to halt for world 'world'
[15:31:41] [Server thread/INFO]: [ChunkHolderManager] Halted chunk system for world 'world'
[15:31:41] [Server thread/INFO]: [ChunkHolderManager] Saving all chunkholders for world 'world'
[15:31:44] [Server thread/INFO]: [ChunkHolderManager] Saved 674 block chunks, 674 entity chunks, 0 poi chunks in world 'world' in 2.06s
[15:31:44] [Server thread/INFO]: Saving chunks for level 'ServerLevel[world_nether]'/minecraft:the_nether
[15:31:44] [Server thread/INFO]: [ChunkHolderManager] Waiting 60s for chunk system to halt for world 'world_nether'
[15:31:44] [Server thread/INFO]: [ChunkHolderManager] Halted chunk system for world 'world_nether'
[15:31:44] [Server thread/INFO]: [ChunkHolderManager] Saving all chunkholders for world 'world_nether'
[15:31:44] [Server thread/INFO]: [ChunkHolderManager] Saved 49 block chunks, 49 entity chunks, 0 poi chunks in world 'world_nether' in 0.09s
[15:31:44] [Server thread/INFO]: Saving chunks for level 'ServerLevel[world_the_end]'/minecraft:the_end
[15:31:44] [Server thread/INFO]: [ChunkHolderManager] Waiting 60s for chunk system to halt for world 'world_the_end'
[15:31:44] [Server thread/INFO]: [ChunkHolderManager] Halted chunk system for world 'world_the_end'
[15:31:44] [Server thread/INFO]: [ChunkHolderManager] Saving all chunkholders for world 'world_the_end'
[15:31:44] [Server thread/INFO]: [ChunkHolderManager] Saved 49 block chunks, 49 entity chunks, 0 poi chunks in world 'world_the_end' in 0.10s
[15:31:44] [Server thread/INFO]: ThreadedAnvilChunkStorage (world): All chunks are saved
[15:31:44] [Server thread/INFO]: ThreadedAnvilChunkStorage (DIM-1): All chunks are saved
[15:31:44] [Server thread/INFO]: ThreadedAnvilChunkStorage (DIM1): All chunks are saved
[15:31:44] [Server thread/INFO]: ThreadedAnvilChunkStorage: All dimensions are saved
