[17:26:40] [ServerMain/INFO]: [bootstrap] Running Java 21 (Java HotSpot(TM) 64-Bit Server VM 21.0.1+12-LTS-29; Oracle Corporation null) on Windows 10 10.0 (amd64)
[17:26:40] [ServerMain/INFO]: [bootstrap] Loading Paper 1.21.1-96-master@4514c71 (2024-09-22T21:50:05Z) for Minecraft 1.21.1
[17:26:41] [ServerMain/WARN]: [oshi.driver.windows.perfmon.PerfmonDisabled] Invalid registry value type detected for PerfOS counters. Should be REG_DWORD. Ignoring: HKEY_LOCAL_MACHINE\SYSTEM\CurrentControlSet\Services\PerfOS\Performance\Disable Performance Counters.
[17:26:41] [ServerMain/INFO]: [PluginInitializerManager] Initializing plugins...
[17:26:42] [ServerMain/INFO]: [PluginInitializerManager] Initialized 0 plugins
[17:26:51] [ServerMain/INFO]: Environment: Environment[sessionHost=https://sessionserver.mojang.com, servicesHost=https://api.minecraftservices.com, name=PROD]
[17:26:54] [ServerMain/INFO]: Loaded 1290 recipes
[17:26:54] [ServerMain/INFO]: Loaded 1399 advancements
[17:26:54] [Server thread/INFO]: Starting minecraft server version 1.21.1
[17:26:54] [Server thread/INFO]: Loading properties
[17:26:55] [Server thread/INFO]: This server is running Paper version 1.21.1-96-master@4514c71 (2024-09-22T21:50:05Z) (Implementing API version 1.21.1-R0.1-SNAPSHOT)
[17:26:56] [Server thread/INFO]: [spark] This server bundles the spark profiler. For more information please visit https://docs.papermc.io/paper/profiling
[17:26:56] [Server thread/INFO]: Server Ping Player Sample Count: 12
[17:26:56] [Server thread/INFO]: Using 4 threads for Netty based IO
[17:26:57] [Server thread/INFO]: [ChunkTaskScheduler] Chunk system is using 1 I/O threads, 2 worker threads, and population gen parallelism of 2 threads
[17:26:58] [Server thread/INFO]: Default game type: SURVIVAL
[17:26:58] [Server thread/INFO]: Generating keypair
[17:26:58] [Server thread/INFO]: Starting Minecraft server on *:25572
[17:26:58] [Server thread/INFO]: Using default channel type
[17:26:58] [Server thread/INFO]: Paper: Using Java compression from Velocity.
[17:26:58] [Server thread/INFO]: Paper: Using Java cipher from Velocity.
[17:26:58] [Server thread/INFO]: Server permissions file permissions.yml is empty, ignoring it
[17:26:58] [Server thread/WARN]: **** SERVER IS RUNNING IN OFFLINE/INSECURE MODE!
[17:26:58] [Server thread/WARN]: The server will make no attempt to authenticate usernames. Beware.
[17:26:58] [Server thread/WARN]: Whilst this makes it possible to use BungeeCord, unless access to your server is properly restricted, it also opens up the ability for hackers to connect with any username they choose.
[17:26:58] [Server thread/WARN]: Please see http://www.spigotmc.org/wiki/firewall-guide/ for further information.
[17:26:58] [Server thread/WARN]: To change this, set "online-mode" to "true" in the server.properties file.
[17:26:58] [Server thread/INFO]: Preparing level "world"
[17:26:59] [Server thread/INFO]: Preparing start region for dimension minecraft:overworld
[17:27:01] [Server thread/INFO]: Time elapsed: 1863 ms
[17:27:01] [Server thread/INFO]: Preparing start region for dimension minecraft:the_nether
[17:27:01] [Server thread/INFO]: Time elapsed: 161 ms
[17:27:01] [Server thread/INFO]: Preparing start region for dimension minecraft:the_end
[17:27:01] [Server thread/INFO]: Time elapsed: 315 ms
[17:27:01] [Server thread/INFO]: [spark] Starting background profiler...
[17:27:01] [Server thread/INFO]: [spark] The async-profiler engine is not supported for your os/arch (windows10/amd64), so the built-in Java engine will be used instead.
[17:27:01] [Server thread/INFO]: Done preparing level "world" (3.166s)
[17:27:01] [Server thread/INFO]: Running delayed init tasks
[17:27:01] [Server thread/INFO]: Done (22.906s)! For help, type "help"
[17:27:01] [Server thread/INFO]: Timings Reset
[17:30:06] [User Authenticator #0/INFO]: UUID of player akikukeo is dc516a0c-3ebf-4f0c-ae6c-426f61b4dadf
[17:30:08] [Server thread/INFO]: akikukeo joined the game
[17:30:08] [Server thread/INFO]: akikukeo[/127.0.0.1:63325] logged in with entity id 21 at ([world]-0.5, 77.0, 0.5)
[17:30:23] [Server thread/INFO]: Made akikukeo a server operator
[17:30:26] [Server thread/INFO]: akikukeo issued server command: /gamemode creative
[17:30:26] [Server thread/INFO]: [akikukeo: Set own game mode to Creative Mode]
[17:31:16] [Server thread/INFO]: akikukeo lost connection: Disconnected
[17:31:17] [Server thread/INFO]: akikukeo left the game
[17:31:50] [User Authenticator #1/INFO]: UUID of player akikukeo is dc516a0c-3ebf-4f0c-ae6c-426f61b4dadf
[17:31:50] [Server thread/INFO]: akikukeo joined the game
[17:31:50] [Server thread/INFO]: akikukeo[/127.0.0.1:63708] logged in with entity id 394 at ([world]-9.575565227345068, 93.40196664809545, 19.504240287531214)
[17:32:12] [Server thread/INFO]: akikukeo lost connection: Disconnected
[17:32:12] [Server thread/INFO]: akikukeo left the game
[17:32:15] [User Authenticator #1/INFO]: UUID of player akikukeo is dc516a0c-3ebf-4f0c-ae6c-426f61b4dadf
[17:32:16] [Server thread/INFO]: akikukeo joined the game
[17:32:16] [Server thread/INFO]: akikukeo[/127.0.0.1:63794] logged in with entity id 408 at ([world]-9.575565227345068, 93.40196664809545, 19.504240287531214)
[17:32:40] [Server thread/INFO]: akikukeo lost connection: Disconnected
[17:32:40] [Server thread/INFO]: akikukeo left the game
[17:44:34] [User Authenticator #2/INFO]: UUID of player rame8 is 27a0f60c-bfa0-43ce-911f-b906cf57ff6d
[17:44:35] [Server thread/INFO]: rame8 joined the game
[17:44:36] [Server thread/INFO]: rame8[/[0:0:0:0:0:0:0:1]:65492] logged in with entity id 422 at ([world]-9.5, 85.0, -4.5)
[17:45:25] [Server thread/INFO]: rame8 lost connection: Disconnected
[17:45:26] [Server thread/INFO]: rame8 left the game
[17:45:55] [User Authenticator #3/INFO]: UUID of player rame8 is 27a0f60c-bfa0-43ce-911f-b906cf57ff6d
[17:45:56] [User Authenticator #3/INFO]: UUID of player akikukeo is dc516a0c-3ebf-4f0c-ae6c-426f61b4dadf
[17:45:56] [Server thread/INFO]: rame8 joined the game
[17:45:56] [Server thread/INFO]: rame8[/[0:0:0:0:0:0:0:1]:49256] logged in with entity id 502 at ([world]-17.69999998807907, 87.0, -6.698277133626144)
[17:45:56] [Server thread/INFO]: akikukeo joined the game
[17:45:56] [Server thread/INFO]: akikukeo[/127.0.0.1:49259] logged in with entity id 503 at ([world]-9.575565227345068, 93.40196664809545, 19.504240287531214)
[17:46:09] [Async Chat Thread - #4/INFO]: <akikukeo> iketa
[17:46:20] [Async Chat Thread - #4/INFO]: <akikukeo> op motteru?
[17:46:23] [Async Chat Thread - #4/INFO]: <rame8> no
[17:46:25] [Async Chat Thread - #4/INFO]: <akikukeo> ok
[17:46:52] [Async Chat Thread - #4/INFO]: <akikukeo> server lobby して
[17:46:57] [Server thread/INFO]: akikukeo lost connection: Disconnected
[17:46:57] [Server thread/INFO]: akikukeo left the game
[17:46:58] [Server thread/INFO]: rame8 lost connection: Disconnected
[17:46:58] [Server thread/INFO]: rame8 left the game
[17:47:45] [Server thread/INFO]: Stopping the server
[17:47:45] [Server thread/INFO]: Stopping server
[17:47:45] [Server thread/INFO]: Saving players
[17:47:46] [Server thread/INFO]: Saving worlds
[17:47:46] [Server thread/INFO]: Saving chunks for level 'ServerLevel[world]'/minecraft:overworld
[17:47:46] [Server thread/INFO]: [ChunkHolderManager] Waiting 60s for chunk system to halt for world 'world'
[17:47:46] [Server thread/INFO]: [ChunkHolderManager] Halted chunk system for world 'world'
[17:47:46] [Server thread/INFO]: [ChunkHolderManager] Saving all chunkholders for world 'world'
[17:47:47] [Server thread/INFO]: [ChunkHolderManager] Saved 383 block chunks, 219 entity chunks, 5 poi chunks in world 'world' in 1.20s
[17:47:47] [Server thread/INFO]: Saving chunks for level 'ServerLevel[world_nether]'/minecraft:the_nether
[17:47:47] [Server thread/INFO]: [ChunkHolderManager] Waiting 60s for chunk system to halt for world 'world_nether'
[17:47:47] [Server thread/INFO]: [ChunkHolderManager] Halted chunk system for world 'world_nether'
[17:47:47] [Server thread/INFO]: [ChunkHolderManager] Saving all chunkholders for world 'world_nether'
[17:47:47] [Server thread/INFO]: [ChunkHolderManager] Saved 0 block chunks, 2 entity chunks, 0 poi chunks in world 'world_nether' in 0.01s
[17:47:47] [Server thread/INFO]: Saving chunks for level 'ServerLevel[world_the_end]'/minecraft:the_end
[17:47:47] [Server thread/INFO]: [ChunkHolderManager] Waiting 60s for chunk system to halt for world 'world_the_end'
[17:47:47] [Server thread/INFO]: [ChunkHolderManager] Halted chunk system for world 'world_the_end'
[17:47:47] [Server thread/INFO]: [ChunkHolderManager] Saving all chunkholders for world 'world_the_end'
[17:47:47] [Server thread/INFO]: [ChunkHolderManager] Saved 0 block chunks, 10 entity chunks, 0 poi chunks in world 'world_the_end' in 0.01s
[17:47:47] [Server thread/INFO]: ThreadedAnvilChunkStorage (world): All chunks are saved
[17:47:47] [Server thread/INFO]: ThreadedAnvilChunkStorage (DIM-1): All chunks are saved
[17:47:47] [Server thread/INFO]: ThreadedAnvilChunkStorage (DIM1): All chunks are saved
[17:47:47] [Server thread/INFO]: ThreadedAnvilChunkStorage: All dimensions are saved
